<component name="org.nuxeo.labs.ratings.core.schema">
    <extension target="org.nuxeo.ecm.core.schema.TypeService" point="schema">
        <schema name="custom" prefix="custom" override="true" src="custom.xsd"/>
    </extension>
    <extension target="org.nuxeo.ecm.core.schema.TypeService" point="doctype">
        <doctype name="Custom" extends="File">
            <schema name="custom"/>
        </doctype>
    </extension>
</component>